{"C:\\Users\\nsantana\\Documents\\Workplace\\js\\smashbox\\test\\unit-tests\\scripts\\app.js": {"path":"C:\\Users\\nsantana\\Documents\\Workplace\\js\\smashbox\\test\\unit-tests\\scripts\\app.js","statementMap":{"0":{"start":{"line":1,"column":0},"end":{"line":3,"column":2}},"1":{"start":{"line":2,"column":2},"end":{"line":2,"column":15}}},"fnMap":{"0":{"name":"sum","decl":{"start":{"line":1,"column":30},"end":{"line":1,"column":33}},"loc":{"start":{"line":1,"column":40},"end":{"line":3,"column":1}},"line":1}},"branchMap":{},"s":{"0":1,"1":1},"f":{"0":1},"b":{},"_coverageSchema":"43e27e138ebf9cfc5966b082cf9a028302ed4184","hash":"b22f353b1f4ef98e3ed60d002f41beb6ba49dce9"}
}
